
Showing logs for build [32mrajattyagipvr-jhipster-sample-a-7gf9h-14[0m stage [32msetup[0m and container [32mstep-credential-initializer-jzkp7[0m
{"level":"warn","ts":1596712674.010071,"logger":"fallback-logger","caller":"logging/config.go:69","msg":"Fetch GitHub commit ID from kodata failed: \"ref: refs/heads/0.8.0-**-support-backwards-incompats\" is not a valid GitHub commit ID"}
{"level":"info","ts":1596712674.0105114,"logger":"fallback-logger","caller":"creds-init/main.go:40","msg":"Credentials initialized."}

Showing logs for build [32mrajattyagipvr-jhipster-sample-a-7gf9h-14[0m stage [32msetup[0m and container [32mstep-working-dir-initializer-wdch7[0m
{"level":"warn","ts":1596712675.037797,"logger":"fallback-logger","caller":"logging/config.go:69","msg":"Fetch GitHub commit ID from kodata failed: open /var/run/ko/HEAD: no such file or directory"}
{"level":"info","ts":1596712675.038673,"logger":"fallback-logger","caller":"bash/main.go:64","msg":"Successfully executed command \"sh -c mkdir -p /workspace/source\"; output "}

Showing logs for build [32mrajattyagipvr-jhipster-sample-a-7gf9h-14[0m stage [32msetup[0m and container [32mstep-place-tools[0m

Showing logs for build [32mrajattyagipvr-jhipster-sample-a-7gf9h-14[0m stage [32msetup[0m and container [32mstep-create-dir-workspace-n6b5q[0m
{"level":"warn","ts":1596712681.258555,"logger":"fallback-logger","caller":"logging/config.go:69","msg":"Fetch GitHub commit ID from kodata failed: open /var/run/ko/HEAD: no such file or directory"}
{"level":"info","ts":1596712681.25943,"logger":"fallback-logger","caller":"bash/main.go:64","msg":"Successfully executed command \"sh -c mkdir -p source\"; output "}

Showing logs for build [32mrajattyagipvr-jhipster-sample-a-7gf9h-14[0m stage [32msetup[0m and container [32mstep-git-source-rajattyagipvr-jhipster-sample-a-7gf9h-jxblm[0m
{"level":"warn","ts":1596712681.554036,"logger":"fallback-logger","caller":"logging/config.go:69","msg":"Fetch GitHub commit ID from kodata failed: \"ref: refs/heads/0.8.0-**-support-backwards-incompats\" is not a valid GitHub commit ID"}
{"level":"info","ts":1596712684.9882212,"logger":"fallback-logger","caller":"git/git.go:103","msg":"Successfully cloned https://github.com/*************/jhipster-sample-application.git @ v1.2.12 in path /workspace/source"}

Showing logs for build [32mrajattyagipvr-jhipster-sample-a-7gf9h-14[0m stage [32msetup[0m and container [32mstep-git-merge[0m
Using SHAs from PULL_REFS=master:
WARNING: no SHAs to merge, falling back to initial cloned commit

Showing logs for build [32mrajattyagipvr-jhipster-sample-a-7gf9h-14[0m stage [32msetup[0m and container [32mstep-next-version[0m
created new version: 1.2.13 and written to file: ./VERSION

Showing logs for build [32mrajattyagipvr-jhipster-sample-a-7gf9h-14[0m stage [32msetup[0m and container [32mstep-tag-version[0m
Updating chart version in charts/jhipster-sample-application/Chart.yaml to 1.2.13
Updating repository in charts/jhipster-sample-application/values.yaml to 702769831180.dkr.ecr.ap-south-1.amazonaws.com/702769831180/jhipster-sample-application
Updating tag in charts/jhipster-sample-application/values.yaml to 1.2.13
Tag v1.2.13 created and pushed to remote origin

Showing logs for build [32mrajattyagipvr-jhipster-sample-a-7gf9h-14[0m stage [32msetup[0m and container [32mstep-source-mkdir-rajattyagipvr-jhipster-sample-a-7gf9h-pzk44[0m
{"level":"warn","ts":1596712694.3714955,"logger":"fallback-logger","caller":"logging/config.go:69","msg":"Fetch GitHub commit ID from kodata failed: open /var/run/ko/HEAD: no such file or directory"}
{"level":"info","ts":1596712694.3737628,"logger":"fallback-logger","caller":"bash/main.go:64","msg":"Successfully executed command \"sh -c mkdir -p /pvc/setup/workspace\"; output "}

Showing logs for build [32mrajattyagipvr-jhipster-sample-a-7gf9h-14[0m stage [32msetup[0m and container [32mstep-source-copy-rajattyagipvr-jhipster-sample-a-7gf9h-tfh5q[0m
{"level":"warn","ts":1596712694.5949543,"logger":"fallback-logger","caller":"logging/config.go:69","msg":"Fetch GitHub commit ID from kodata failed: open /var/run/ko/HEAD: no such file or directory"}
{"level":"info","ts":1596712694.6127353,"logger":"fallback-logger","caller":"bash/main.go:64","msg":"Successfully executed command \"sh -c cp -r source/. /pvc/setup/workspace\"; output "}

Showing logs for build [32mrajattyagipvr-jhipster-sample-a-7gf9h-14[0m stage [32mbuild-base[0m and container [32mstep-credential-initializer-c5b8q[0m
{"level":"warn","ts":1596712697.1430683,"logger":"fallback-logger","caller":"logging/config.go:69","msg":"Fetch GitHub commit ID from kodata failed: \"ref: refs/heads/0.8.0-**-support-backwards-incompats\" is not a valid GitHub commit ID"}
{"level":"info","ts":1596712697.1438456,"logger":"fallback-logger","caller":"creds-init/main.go:40","msg":"Credentials initialized."}

Showing logs for build [32mrajattyagipvr-jhipster-sample-a-7gf9h-14[0m stage [32mbuild-base[0m and container [32mstep-working-dir-initializer-7n5pr[0m
{"level":"warn","ts":1596712698.4523678,"logger":"fallback-logger","caller":"logging/config.go:69","msg":"Fetch GitHub commit ID from kodata failed: open /var/run/ko/HEAD: no such file or directory"}
{"level":"info","ts":1596712698.4561782,"logger":"fallback-logger","caller":"bash/main.go:64","msg":"Successfully executed command \"sh -c mkdir -p /workspace/source\"; output "}

Showing logs for build [32mrajattyagipvr-jhipster-sample-a-7gf9h-14[0m stage [32mbuild-base[0m and container [32mstep-place-tools[0m

Showing logs for build [32mrajattyagipvr-jhipster-sample-a-7gf9h-14[0m stage [32mbuild-base[0m and container [32mstep-create-dir-workspace-ngvt2[0m
{"level":"warn","ts":1596712705.574818,"logger":"fallback-logger","caller":"logging/config.go:69","msg":"Fetch GitHub commit ID from kodata failed: open /var/run/ko/HEAD: no such file or directory"}
{"level":"info","ts":1596712705.5757458,"logger":"fallback-logger","caller":"bash/main.go:64","msg":"Successfully executed command \"sh -c mkdir -p source\"; output "}

Showing logs for build [32mrajattyagipvr-jhipster-sample-a-7gf9h-14[0m stage [32mbuild-base[0m and container [32mstep-create-dir-workspace-k826x[0m
{"level":"warn","ts":1596712705.813266,"logger":"fallback-logger","caller":"logging/config.go:69","msg":"Fetch GitHub commit ID from kodata failed: open /var/run/ko/HEAD: no such file or directory"}
{"level":"info","ts":1596712705.8143315,"logger":"fallback-logger","caller":"bash/main.go:64","msg":"Successfully executed command \"sh -c mkdir -p /workspace/source\"; output "}

Showing logs for build [32mrajattyagipvr-jhipster-sample-a-7gf9h-14[0m stage [32mbuild-base[0m and container [32mstep-source-copy-workspace-4hn2v[0m
{"level":"warn","ts":1596712706.0588784,"logger":"fallback-logger","caller":"logging/config.go:69","msg":"Fetch GitHub commit ID from kodata failed: open /var/run/ko/HEAD: no such file or directory"}
{"level":"info","ts":1596712706.090415,"logger":"fallback-logger","caller":"bash/main.go:64","msg":"Successfully executed command \"sh -c cp -r /pvc/setup/workspace/. /workspace/source\"; output "}

Showing logs for build [32mrajattyagipvr-jhipster-sample-a-7gf9h-14[0m stage [32mbuild-base[0m and container [32mstep-clean-1[0m
[sudo] password for jhipster: 

Showing logs for build [32mrajattyagipvr-jhipster-sample-a-7gf9h-14[0m stage [32mbuild-base[0m and container [32mstep-clean-1-1[0m
[sudo] password for jhipster: 

Showing logs for build [32mrajattyagipvr-jhipster-sample-a-7gf9h-14[0m stage [32mbuild-base[0m and container [32mstep-clean-2[0m
[INFO] Scanning for projects...
[INFO] 
[INFO] -------------< com.pvr.myapp:jhipster-sample-application >--------------
[INFO] Building Jhipster Sample Application 1.2.13
[INFO] --------------------------------[ jar ]---------------------------------
[INFO] 
[INFO] --- maven-clean-plugin:3.1.0:clean (default-clean) @ jhipster-sample-application ---
[INFO] ------------------------------------------------------------------------
[INFO] BUILD SUCCESS
[INFO] ------------------------------------------------------------------------
[INFO] Total time:  45.703 s
[INFO] Finished at: 2020-08-06T11:19:17Z
[INFO] ------------------------------------------------------------------------

Showing logs for build [32mrajattyagipvr-jhipster-sample-a-7gf9h-14[0m stage [32mbuild-base[0m and container [32mstep-install-tools[0m
[INFO] Scanning for projects...
[INFO] 
[INFO] -------------< com.pvr.myapp:jhipster-sample-application >--------------
[INFO] Building Jhipster Sample Application 1.2.13
[INFO] --------------------------------[ jar ]---------------------------------
[INFO] 
[INFO] --- frontend-maven-plugin:1.10.0:install-node-and-npm (default-cli) @ jhipster-sample-application ---
[INFO] Installing node version v12.16.1
[INFO] Downloading https://nodejs.org/dist/v12.16.1/node-v12.16.1-linux-x64.tar.gz to /home/jhipster/.m2/repository/com/github/eirslett/node/12.16.1/node-12.16.1-linux-x64.tar.gz
[INFO] No proxies configured
[INFO] No proxy was configured, downloading directly
[INFO] Unpacking /home/jhipster/.m2/repository/com/github/eirslett/node/12.16.1/node-12.16.1-linux-x64.tar.gz into /workspace/source/node/tmp
[INFO] Copying node binary from /workspace/source/node/tmp/node-v12.16.1-linux-x64/bin/node to /workspace/source/node/node
[INFO] Installed node locally.
[INFO] Installing npm version 6.14.5
[INFO] Downloading https://registry.npmjs.org/npm/-/npm-6.14.5.tgz to /home/jhipster/.m2/repository/com/github/eirslett/npm/6.14.5/npm-6.14.5.tar.gz
[INFO] No proxies configured
[INFO] No proxy was configured, downloading directly
[INFO] Unpacking /home/jhipster/.m2/repository/com/github/eirslett/npm/6.14.5/npm-6.14.5.tar.gz into /workspace/source/node/node_modules
[INFO] Installed npm locally.
[INFO] ------------------------------------------------------------------------
[INFO] BUILD SUCCESS
[INFO] ------------------------------------------------------------------------
[INFO] Total time:  54.718 s
[INFO] Finished at: 2020-08-06T11:20:16Z
[INFO] ------------------------------------------------------------------------

Showing logs for build [32mrajattyagipvr-jhipster-sample-a-7gf9h-14[0m stage [32mbuild-base[0m and container [32mstep-install-npm[0m
[INFO] Scanning for projects...
[INFO] 
[INFO] -------------< com.pvr.myapp:jhipster-sample-application >--------------
[INFO] Building Jhipster Sample Application 1.2.13
[INFO] --------------------------------[ jar ]---------------------------------
[INFO] 
[INFO] --- frontend-maven-plugin:1.10.0:npm (default-cli) @ jhipster-sample-application ---
[INFO] Running 'npm install' in /workspace/source
[INFO] npm WARN deprecated tslint@6.1.2: TSLint has been deprecated in favor of ESLint. Please see https://github.com/palantir/tslint/issues/4534 for more information.
[INFO] npm WARN deprecated chokidar@2.1.8: Chokidar 2 will break on node v14+. Upgrade to chokidar 3 with 15x less dependencies.
[INFO] npm WARN deprecated request@2.88.2: request has been deprecated, see https://github.com/request/request/issues/3142
[INFO] npm WARN deprecated fsevents@1.2.13: fsevents 1 will break on node v14+ and could be using insecure binaries. Upgrade to fsevents 2.
[INFO] npm WARN deprecated har-validator@5.1.5: this library is no longer supported
[INFO] npm WARN deprecated @hapi/joi@15.1.1: joi is leaving the @hapi organization and moving back to 'joi' (https://github.com/sideway/joi/issues/2411)
[INFO] npm WARN deprecated rollup-plugin-babel@4.4.0: This package has been deprecated and is no longer maintained. Please use @rollup/plugin-babel.
[INFO] npm WARN deprecated @hapi/address@2.1.4: This version has been deprecated and is no longer supported or maintained
[INFO] npm WARN deprecated @hapi/bourne@1.3.2: This version has been deprecated and is no longer supported or maintained
[INFO] npm WARN deprecated @hapi/hoek@8.5.1: This version has been deprecated and is no longer supported or maintained
[INFO] npm WARN deprecated @hapi/topo@3.1.6: This version has been deprecated and is no longer supported or maintained
[INFO] npm WARN deprecated resolve-url@0.2.1: https://github.com/lydell/resolve-url#deprecated
[INFO] npm WARN deprecated urix@0.1.0: Please see https://github.com/lydell/urix#deprecated
[INFO] npm WARN deprecated request-promise-native@1.0.9: request-promise-native has been deprecated because it extends the now deprecated request package, see https://github.com/request/request/issues/3142
[INFO] npm WARN deprecated core-js@2.6.11: core-js@<3 is no longer maintained and not recommended for usage due to the number of issues. Please, upgrade your dependencies to the actual version of core-js@3.
[INFO] npm ERR! code E404
[INFO] npm ERR! 404 Not Found - GET https://registry.npmjs.org/@ngx-translate%2fhttp-loader - Not found
[INFO] npm ERR! 404 
[INFO] npm ERR! 404  '@ngx-translate/http-loader@5.0.0' is not in the npm registry.
[INFO] npm ERR! 404 You should bug the author to publish it (or use the name yourself!)
[INFO] npm ERR! 404 It was specified as a dependency of 'source'
[INFO] npm ERR! 404 
[INFO] npm ERR! 404 Note that you can also install from a
[INFO] npm ERR! 404 tarball, folder, http url, or git url.
[INFO] 
[INFO] npm ERR! A complete log of this run can be found in:
[INFO] npm ERR!     /builder/home/.npm/_logs/2020-08-06T11_25_27_735Z-debug.log
[INFO] ------------------------------------------------------------------------
[INFO] BUILD FAILURE
[INFO] ------------------------------------------------------------------------
[INFO] Total time:  05:06 min
[INFO] Finished at: 2020-08-06T11:25:27Z
[INFO] ------------------------------------------------------------------------
[ERROR] Failed to execute goal com.github.eirslett:frontend-maven-plugin:1.10.0:npm (default-cli) on project jhipster-sample-application: Failed to run task: 'npm install' failed. org.apache.commons.exec.ExecuteException: Process exited with an error: 1 (Exit value: 1) -> [Help 1]
[ERROR] 
[ERROR] To see the full stack trace of the errors, re-run Maven with the -e switch.
[ERROR] Re-run Maven using the -X switch to enable full debug logging.
[ERROR] 
[ERROR] For more information about the errors and possible solutions, please read the following articles:
[ERROR] [Help 1] http://cwiki.apache.org/confluence/display/MAVEN/MojoFailureException
[31m
Pipeline failed on stage 'build-base' : container 'step-install-npm'. The execution of the pipeline has stopped.[0m
