
Showing logs for build [32mrajattyagipvr-jhipster-sample-a-67gqx-17[0m stage [32msetup[0m and container [32mstep-credential-initializer-dmppd[0m
{"level":"warn","ts":1596780286.1585963,"logger":"fallback-logger","caller":"logging/config.go:69","msg":"Fetch GitHub commit ID from kodata failed: \"ref: refs/heads/0.8.0-**-support-backwards-incompats\" is not a valid GitHub commit ID"}
{"level":"info","ts":1596780286.158902,"logger":"fallback-logger","caller":"creds-init/main.go:40","msg":"Credentials initialized."}

Showing logs for build [32mrajattyagipvr-jhipster-sample-a-67gqx-17[0m stage [32msetup[0m and container [32mstep-working-dir-initializer-kvgk4[0m
{"level":"warn","ts":1596780287.3732455,"logger":"fallback-logger","caller":"logging/config.go:69","msg":"Fetch GitHub commit ID from kodata failed: open /var/run/ko/HEAD: no such file or directory"}
{"level":"info","ts":1596780287.3796263,"logger":"fallback-logger","caller":"bash/main.go:64","msg":"Successfully executed command \"sh -c mkdir -p /workspace/source\"; output "}

Showing logs for build [32mrajattyagipvr-jhipster-sample-a-67gqx-17[0m stage [32msetup[0m and container [32mstep-place-tools[0m

Showing logs for build [32mrajattyagipvr-jhipster-sample-a-67gqx-17[0m stage [32msetup[0m and container [32mstep-create-dir-workspace-kq2g6[0m
{"level":"warn","ts":1596780293.4330585,"logger":"fallback-logger","caller":"logging/config.go:69","msg":"Fetch GitHub commit ID from kodata failed: open /var/run/ko/HEAD: no such file or directory"}
{"level":"info","ts":1596780293.4339068,"logger":"fallback-logger","caller":"bash/main.go:64","msg":"Successfully executed command \"sh -c mkdir -p source\"; output "}

Showing logs for build [32mrajattyagipvr-jhipster-sample-a-67gqx-17[0m stage [32msetup[0m and container [32mstep-git-source-rajattyagipvr-jhipster-sample-a-67gqx-5gpr2[0m
{"level":"warn","ts":1596780293.799892,"logger":"fallback-logger","caller":"logging/config.go:69","msg":"Fetch GitHub commit ID from kodata failed: \"ref: refs/heads/0.8.0-**-support-backwards-incompats\" is not a valid GitHub commit ID"}
{"level":"info","ts":1596780296.882472,"logger":"fallback-logger","caller":"git/git.go:103","msg":"Successfully cloned https://github.com/*************/jhipster-sample-application.git @ v1.2.18 in path /workspace/source"}

Showing logs for build [32mrajattyagipvr-jhipster-sample-a-67gqx-17[0m stage [32msetup[0m and container [32mstep-git-merge[0m
Using SHAs from PULL_REFS=master:3a516df72cb3d0618af03d51d712ce821a1c8707
WARNING: no SHAs to merge, falling back to initial cloned commit

Showing logs for build [32mrajattyagipvr-jhipster-sample-a-67gqx-17[0m stage [32msetup[0m and container [32mstep-next-version[0m
created new version: 1.2.19 and written to file: ./VERSION

Showing logs for build [32mrajattyagipvr-jhipster-sample-a-67gqx-17[0m stage [32msetup[0m and container [32mstep-tag-version[0m
Updating chart version in charts/jhipster-sample-application/Chart.yaml to 1.2.19
Updating repository in charts/jhipster-sample-application/values.yaml to 702769831180.dkr.ecr.ap-south-1.amazonaws.com/702769831180/jhipster-sample-application
Updating tag in charts/jhipster-sample-application/values.yaml to 1.2.19
Tag v1.2.19 created and pushed to remote origin

Showing logs for build [32mrajattyagipvr-jhipster-sample-a-67gqx-17[0m stage [32msetup[0m and container [32mstep-source-mkdir-rajattyagipvr-jhipster-sample-a-67gqx-fdhr6[0m
{"level":"warn","ts":1596780306.529931,"logger":"fallback-logger","caller":"logging/config.go:69","msg":"Fetch GitHub commit ID from kodata failed: open /var/run/ko/HEAD: no such file or directory"}
{"level":"info","ts":1596780306.5315309,"logger":"fallback-logger","caller":"bash/main.go:64","msg":"Successfully executed command \"sh -c mkdir -p /pvc/setup/workspace\"; output "}

Showing logs for build [32mrajattyagipvr-jhipster-sample-a-67gqx-17[0m stage [32msetup[0m and container [32mstep-source-copy-rajattyagipvr-jhipster-sample-a-67gqx-sfb5f[0m
{"level":"warn","ts":1596780306.7295382,"logger":"fallback-logger","caller":"logging/config.go:69","msg":"Fetch GitHub commit ID from kodata failed: open /var/run/ko/HEAD: no such file or directory"}
{"level":"info","ts":1596780306.748105,"logger":"fallback-logger","caller":"bash/main.go:64","msg":"Successfully executed command \"sh -c cp -r source/. /pvc/setup/workspace\"; output "}

Showing logs for build [32mrajattyagipvr-jhipster-sample-a-67gqx-17[0m stage [32mbuild-base[0m and container [32mstep-credential-initializer-fbtjk[0m
{"level":"warn","ts":1596780341.93636,"logger":"fallback-logger","caller":"logging/config.go:69","msg":"Fetch GitHub commit ID from kodata failed: \"ref: refs/heads/0.8.0-**-support-backwards-incompats\" is not a valid GitHub commit ID"}
{"level":"info","ts":1596780341.9366744,"logger":"fallback-logger","caller":"creds-init/main.go:40","msg":"Credentials initialized."}

Showing logs for build [32mrajattyagipvr-jhipster-sample-a-67gqx-17[0m stage [32mbuild-base[0m and container [32mstep-working-dir-initializer-w4rqv[0m
{"level":"warn","ts":1596780342.357029,"logger":"fallback-logger","caller":"logging/config.go:69","msg":"Fetch GitHub commit ID from kodata failed: open /var/run/ko/HEAD: no such file or directory"}
{"level":"info","ts":1596780342.3583972,"logger":"fallback-logger","caller":"bash/main.go:64","msg":"Successfully executed command \"sh -c mkdir -p /workspace/source\"; output "}

Showing logs for build [32mrajattyagipvr-jhipster-sample-a-67gqx-17[0m stage [32mbuild-base[0m and container [32mstep-place-tools[0m

Showing logs for build [32mrajattyagipvr-jhipster-sample-a-67gqx-17[0m stage [32mbuild-base[0m and container [32mstep-create-dir-workspace-gsnc9[0m
{"level":"warn","ts":1596780349.3947978,"logger":"fallback-logger","caller":"logging/config.go:69","msg":"Fetch GitHub commit ID from kodata failed: open /var/run/ko/HEAD: no such file or directory"}
{"level":"info","ts":1596780349.396347,"logger":"fallback-logger","caller":"bash/main.go:64","msg":"Successfully executed command \"sh -c mkdir -p source\"; output "}

Showing logs for build [32mrajattyagipvr-jhipster-sample-a-67gqx-17[0m stage [32mbuild-base[0m and container [32mstep-create-dir-workspace-n69vc[0m
{"level":"warn","ts":1596780349.6358325,"logger":"fallback-logger","caller":"logging/config.go:69","msg":"Fetch GitHub commit ID from kodata failed: open /var/run/ko/HEAD: no such file or directory"}
{"level":"info","ts":1596780349.6374743,"logger":"fallback-logger","caller":"bash/main.go:64","msg":"Successfully executed command \"sh -c mkdir -p /workspace/source\"; output "}

Showing logs for build [32mrajattyagipvr-jhipster-sample-a-67gqx-17[0m stage [32mbuild-base[0m and container [32mstep-source-copy-workspace-d7fgs[0m
{"level":"warn","ts":1596780349.8755922,"logger":"fallback-logger","caller":"logging/config.go:69","msg":"Fetch GitHub commit ID from kodata failed: open /var/run/ko/HEAD: no such file or directory"}
{"level":"info","ts":1596780350.0683193,"logger":"fallback-logger","caller":"bash/main.go:64","msg":"Successfully executed command \"sh -c cp -r /pvc/setup/workspace/. /workspace/source\"; output "}

Showing logs for build [32mrajattyagipvr-jhipster-sample-a-67gqx-17[0m stage [32mbuild-base[0m and container [32mstep-chmod[0m
[sudo] password for jhipster: 

Showing logs for build [32mrajattyagipvr-jhipster-sample-a-67gqx-17[0m stage [32mbuild-base[0m and container [32mstep-chmod-mvnw[0m
[sudo] password for jhipster: 

Showing logs for build [32mrajattyagipvr-jhipster-sample-a-67gqx-17[0m stage [32mbuild-base[0m and container [32mstep-clean-webpack[0m
[INFO] Scanning for projects...
[INFO] 
[INFO] -------------< com.pvr.myapp:jhipster-sample-application >--------------
[INFO] Building Jhipster Sample Application 1.2.19
[INFO] --------------------------------[ jar ]---------------------------------
[INFO] 
[INFO] --- maven-clean-plugin:3.1.0:clean (default-clean) @ jhipster-sample-application ---
[INFO] ------------------------------------------------------------------------
[INFO] BUILD SUCCESS
[INFO] ------------------------------------------------------------------------
[INFO] Total time:  45.687 s
[INFO] Finished at: 2020-08-07T06:06:40Z
[INFO] ------------------------------------------------------------------------

Showing logs for build [32mrajattyagipvr-jhipster-sample-a-67gqx-17[0m stage [32mbuild-base[0m and container [32mstep-install-tools[0m
[INFO] Scanning for projects...
[INFO] 
[INFO] -------------< com.pvr.myapp:jhipster-sample-application >--------------
[INFO] Building Jhipster Sample Application 1.2.19
[INFO] --------------------------------[ jar ]---------------------------------
[INFO] 
[INFO] --- frontend-maven-plugin:1.10.0:install-node-and-npm (default-cli) @ jhipster-sample-application ---
[INFO] Installing node version v12.16.1
[INFO] Downloading https://nodejs.org/dist/v12.16.1/node-v12.16.1-linux-x64.tar.gz to /home/jhipster/.m2/repository/com/github/eirslett/node/12.16.1/node-12.16.1-linux-x64.tar.gz
[INFO] No proxies configured
[INFO] No proxy was configured, downloading directly
[INFO] Unpacking /home/jhipster/.m2/repository/com/github/eirslett/node/12.16.1/node-12.16.1-linux-x64.tar.gz into /workspace/source/node/tmp
[INFO] Copying node binary from /workspace/source/node/tmp/node-v12.16.1-linux-x64/bin/node to /workspace/source/node/node
[INFO] Installed node locally.
[INFO] Installing npm version 6.14.5
[INFO] Downloading https://registry.npmjs.org/npm/-/npm-6.14.5.tgz to /home/jhipster/.m2/repository/com/github/eirslett/npm/6.14.5/npm-6.14.5.tar.gz
[INFO] No proxies configured
[INFO] No proxy was configured, downloading directly
[INFO] Unpacking /home/jhipster/.m2/repository/com/github/eirslett/npm/6.14.5/npm-6.14.5.tar.gz into /workspace/source/node/node_modules
[INFO] Installed npm locally.
[INFO] ------------------------------------------------------------------------
[INFO] BUILD SUCCESS
[INFO] ------------------------------------------------------------------------
[INFO] Total time:  55.365 s
[INFO] Finished at: 2020-08-07T06:07:40Z
[INFO] ------------------------------------------------------------------------

Showing logs for build [32mrajattyagipvr-jhipster-sample-a-67gqx-17[0m stage [32mbuild-base[0m and container [32mstep-install-npm[0m
[INFO] Scanning for projects...
[INFO] 
[INFO] -------------< com.pvr.myapp:jhipster-sample-application >--------------
[INFO] Building Jhipster Sample Application 1.2.19
[INFO] --------------------------------[ jar ]---------------------------------
[INFO] 
[INFO] --- frontend-maven-plugin:1.10.0:npm (default-cli) @ jhipster-sample-application ---
[INFO] Running 'npm install' in /workspace/source
[INFO] npm WARN deprecated tslint@6.1.2: TSLint has been deprecated in favor of ESLint. Please see https://github.com/palantir/tslint/issues/4534 for more information.
[INFO] npm WARN deprecated chokidar@2.1.8: Chokidar 2 will break on node v14+. Upgrade to chokidar 3 with 15x less dependencies.
[INFO] npm WARN deprecated request@2.88.2: request has been deprecated, see https://github.com/request/request/issues/3142
[INFO] npm WARN deprecated fsevents@1.2.13: fsevents 1 will break on node v14+ and could be using insecure binaries. Upgrade to fsevents 2.
[INFO] npm WARN deprecated flat@4.1.0: Fixed a prototype pollution security issue in 4.1.0, please upgrade to ^4.1.1 or ^5.0.1.
[INFO] npm WARN deprecated har-validator@5.1.5: this library is no longer supported
[INFO] npm WARN deprecated @hapi/joi@15.1.1: joi is leaving the @hapi organization and moving back to 'joi' (https://github.com/sideway/joi/issues/2411)
[INFO] npm WARN deprecated rollup-plugin-babel@4.4.0: This package has been deprecated and is no longer maintained. Please use @rollup/plugin-babel.
[INFO] npm WARN deprecated @hapi/address@2.1.4: This version has been deprecated and is no longer supported or maintained
[INFO] npm WARN deprecated @hapi/topo@3.1.6: This version has been deprecated and is no longer supported or maintained
[INFO] npm WARN deprecated @hapi/hoek@8.5.1: This version has been deprecated and is no longer supported or maintained
[INFO] npm WARN deprecated @hapi/bourne@1.3.2: This version has been deprecated and is no longer supported or maintained
[INFO] npm WARN deprecated resolve-url@0.2.1: https://github.com/lydell/resolve-url#deprecated
[INFO] npm WARN deprecated urix@0.1.0: Please see https://github.com/lydell/urix#deprecated
[INFO] npm WARN deprecated request-promise-native@1.0.9: request-promise-native has been deprecated because it extends the now deprecated request package, see https://github.com/request/request/issues/3142
[INFO] npm WARN deprecated core-js@2.6.11: core-js@<3 is no longer maintained and not recommended for usage due to the number of issues. Please, upgrade your dependencies to the actual version of core-js@3.
[INFO] 
[INFO] > husky@4.2.5 install /workspace/source/node_modules/husky
[INFO] > node husky install
[INFO] 
[INFO] husky > Setting up git hooks
[INFO] CI detected, skipping Git hooks installation.
[INFO] husky > Done
[INFO] 
[INFO] > @scarf/scarf@0.1.5 postinstall /workspace/source/node_modules/@scarf/scarf
[INFO] > node ./report.js
[INFO] 
[INFO] 
[INFO]     The dependency 'ngx-infinite-scroll' is tracking installation
[INFO]     statistics using Scarf (https://scarf.sh), which helps open-source developers
[INFO]     fund and maintain their projects. Scarf securely logs basic installation
[INFO]     details when this package is installed. The Scarf npm library is open source
[INFO]     and permissively licensed at https://github.com/scarf-sh/scarf-js. For more
[INFO]     details about your project's dependencies, try running 'npm ls'. To opt out of
[INFO]     analytics, set the environment variable 'SCARF_ANALYTICS=false'.
[INFO]   
[INFO] 
[INFO] > ejs@2.7.4 postinstall /workspace/source/node_modules/@surma/rollup-plugin-off-main-thread/node_modules/ejs
[INFO] > node ./postinstall.js
[INFO] 
[INFO] Thank you for installing EJS: built with the Jake JavaScript build tool (https://jakejs.com/)
[INFO] 
[INFO] 
[INFO] > core-js@2.6.11 postinstall /workspace/source/node_modules/core-js
[INFO] > node -e "try{require('./postinstall')}catch(e){}"
[INFO] 
[INFO] 
[INFO] > ejs@2.7.4 postinstall /workspace/source/node_modules/mem-fs-editor/node_modules/ejs
[INFO] > node ./postinstall.js
[INFO] 
[INFO] Thank you for installing EJS: built with the Jake JavaScript build tool (https://jakejs.com/)
[INFO] 
[INFO] 
[INFO] > ejs@3.1.3 postinstall /workspace/source/node_modules/ejs
[INFO] > node --harmony ./postinstall.js
[INFO] 
[INFO] Thank you for installing EJS: built with the Jake JavaScript build tool (https://jakejs.com/)
[INFO] 
[INFO] 
[INFO] > spawn-sync@1.0.15 postinstall /workspace/source/node_modules/spawn-sync
[INFO] > node postinstall
[INFO] 
[INFO] 
[INFO] > ejs@2.7.4 postinstall /workspace/source/node_modules/webpack-bundle-analyzer/node_modules/ejs
[INFO] > node ./postinstall.js
[INFO] 
[INFO] Thank you for installing EJS: built with the Jake JavaScript build tool (https://jakejs.com/)
[INFO] 
[INFO] 
[INFO] > @angular/cli@10.0.0 postinstall /workspace/source/node_modules/@angular/cli
[INFO] > node ./bin/postinstall/script.js
[INFO] 
[INFO] 
[INFO] > husky@4.2.5 postinstall /workspace/source/node_modules/husky
[INFO] > opencollective-postinstall || exit 0
[INFO] 
[INFO] Thank you for using husky!
[INFO] If you rely on this package, please consider supporting our open collective:
[INFO] > https://opencollective.com/husky/donate
[INFO] 
[INFO] 
[INFO] > ngx-infinite-scroll@9.0.0 postinstall /workspace/source/node_modules/ngx-infinite-scroll
[INFO] > opencollective-postinstall || exit 0
[INFO] 
[INFO] Thank you for using ngx-infinite-scroll!
[INFO] If you rely on this package, please consider supporting our open collective:
[INFO] > https://opencollective.com/ngx-infinite-scroll/donate
[INFO] 
[INFO] 
[INFO] > jhipster-sample-application@0.0.1-SNAPSHOT postinstall /workspace/source
[INFO] > node node_modules/protractor/bin/webdriver-manager update --gecko false
[INFO] 
[INFO] [06:10:10] I/file_manager - creating folder /workspace/source/node_modules/webdriver-manager/selenium
[INFO] [06:10:10] I/config_source - curl -o/workspace/source/node_modules/webdriver-manager/selenium/standalone-response.xml https://selenium-release.storage.googleapis.com/
[INFO] [06:10:10] I/config_source - curl -o/workspace/source/node_modules/webdriver-manager/selenium/chrome-response.xml https://chromedriver.storage.googleapis.com/
[INFO] [06:10:12] I/downloader - curl -o/workspace/source/node_modules/webdriver-manager/selenium/chromedriver_84.0.4147.30.zip https://chromedriver.storage.googleapis.com/84.0.4147.30/chromedriver_linux64.zip
[INFO] [06:10:12] I/downloader - curl -o/workspace/source/node_modules/webdriver-manager/selenium/selenium-server-standalone-3.141.59.jar https://selenium-release.storage.googleapis.com/3.141/selenium-server-standalone-3.141.59.jar
[INFO] [06:10:12] I/update - chromedriver: unzipping chromedriver_84.0.4147.30.zip
[INFO] [06:10:12] I/update - chromedriver: setting permissions to 0755 for /workspace/source/node_modules/webdriver-manager/selenium/chromedriver_84.0.4147.30
[INFO] npm notice created a lockfile as package-lock.json. You should commit this file.
[INFO] npm WARN optional SKIPPING OPTIONAL DEPENDENCY: fsevents@~2.1.2 (node_modules/chokidar/node_modules/fsevents):
[INFO] npm WARN notsup SKIPPING OPTIONAL DEPENDENCY: Unsupported platform for fsevents@2.1.3: wanted {"os":"darwin","arch":"any"} (current: {"os":"linux","arch":"x64"})
[INFO] npm WARN optional SKIPPING OPTIONAL DEPENDENCY: fsevents@^1.2.7 (node_modules/browser-sync/node_modules/chokidar/node_modules/fsevents):
[INFO] npm WARN notsup SKIPPING OPTIONAL DEPENDENCY: Unsupported platform for fsevents@1.2.13: wanted {"os":"darwin","arch":"any"} (current: {"os":"linux","arch":"x64"})
[INFO] npm WARN notsup Unsupported engine for watchpack-chokidar2@2.0.0: wanted: {"node":"<8.10.0"} (current: {"node":"12.16.1","npm":"6.14.5"})
[INFO] npm WARN notsup Not compatible with your version of node/npm: watchpack-chokidar2@2.0.0
[INFO] npm WARN optional SKIPPING OPTIONAL DEPENDENCY: fsevents@^1.2.7 (node_modules/watchpack-chokidar2/node_modules/chokidar/node_modules/fsevents):
[INFO] npm WARN notsup SKIPPING OPTIONAL DEPENDENCY: Unsupported platform for fsevents@1.2.13: wanted {"os":"darwin","arch":"any"} (current: {"os":"linux","arch":"x64"})
[INFO] npm WARN optional SKIPPING OPTIONAL DEPENDENCY: fsevents@^1.2.7 (node_modules/webpack-dev-server/node_modules/chokidar/node_modules/fsevents):
[INFO] npm WARN notsup SKIPPING OPTIONAL DEPENDENCY: Unsupported platform for fsevents@1.2.13: wanted {"os":"darwin","arch":"any"} (current: {"os":"linux","arch":"x64"})
[INFO] npm WARN @fortawesome/angular-fontawesome@0.6.1 requires a peer of @angular/core@^9.0.0 but none is installed. You must install peer dependencies yourself.
[INFO] npm WARN @fortawesome/angular-fontawesome@0.6.1 requires a peer of tslib@^1.10.0 but none is installed. You must install peer dependencies yourself.
[INFO] npm WARN @ng-bootstrap/ng-bootstrap@6.1.0 requires a peer of @angular/common@^9.0.0 but none is installed. You must install peer dependencies yourself.
[INFO] npm WARN @ng-bootstrap/ng-bootstrap@6.1.0 requires a peer of @angular/core@^9.0.0 but none is installed. You must install peer dependencies yourself.
[INFO] npm WARN @ng-bootstrap/ng-bootstrap@6.1.0 requires a peer of @angular/forms@^9.0.0 but none is installed. You must install peer dependencies yourself.
[INFO] npm WARN @ng-bootstrap/ng-bootstrap@6.1.0 requires a peer of @angular/localize@^9.0.0 but none is installed. You must install peer dependencies yourself.
[INFO] npm WARN @ng-bootstrap/ng-bootstrap@6.1.0 requires a peer of tslib@^1.10.0 but none is installed. You must install peer dependencies yourself.
[INFO] npm WARN @ngx-translate/core@12.1.2 requires a peer of tslib@^1.10.0 but none is installed. You must install peer dependencies yourself.
[INFO] npm WARN @ngx-translate/http-loader@5.0.0 requires a peer of tslib@^1.10.0 but none is installed. You must install peer dependencies yourself.
[INFO] npm WARN bootstrap@4.5.0 requires a peer of jquery@1.9.1 - 3 but none is installed. You must install peer dependencies yourself.
[INFO] npm WARN bootstrap@4.5.0 requires a peer of popper.js@^1.16.0 but none is installed. You must install peer dependencies yourself.
[INFO] npm WARN ngx-cookie-service@3.0.4 requires a peer of @angular/common@^9.0.5 but none is installed. You must install peer dependencies yourself.
[INFO] npm WARN ngx-cookie-service@3.0.4 requires a peer of @angular/core@^9.0.5 but none is installed. You must install peer dependencies yourself.
[INFO] npm WARN ngx-cookie-service@3.0.4 requires a peer of tslib@^1.10.0 but none is installed. You must install peer dependencies yourself.
[INFO] npm WARN ngx-webstorage@5.0.0 requires a peer of @angular/common@^9.0.0 but none is installed. You must install peer dependencies yourself.
[INFO] npm WARN ngx-webstorage@5.0.0 requires a peer of @angular/core@^9.0.0 but none is installed. You must install peer dependencies yourself.
[INFO] npm WARN ngx-webstorage@5.0.0 requires a peer of tslib@^1.10.0 but none is installed. You must install peer dependencies yourself.
[INFO] npm WARN codelyzer@5.2.2 requires a peer of @angular/compiler@>=2.3.1 <10.0.0 || >9.0.0-beta <10.0.0 || >9.1.0-beta <10.0.0 || >9.2.0-beta <10.0.0 but none is installed. You must install peer dependencies yourself.added 2664 packages from 1145 contributors and audited 2673 packages in 99.249s
[INFO] npm WARN codelyzer@5.2.2 requires a peer of @angular/compiler@>=2.3.1 <10.0.0 || >9.0.0-beta <10.0.0 || >9.1.0-beta <10.0.0 || >9.2.0-beta <10.0.0 but none is installed. You must install peer dependencies yourself.
[INFO] npm WARN codelyzer@5.2.2 requires a peer of @angular/core@>=2.3.1 <10.0.0 || >9.0.0-beta <10.0.0 || >9.1.0-beta <10.0.0 || >9.2.0-beta <10.0.0 but none is installed. You must install peer dependencies yourself.
[INFO] 
[INFO] 
[INFO] 93 packages are looking for funding
[INFO]   run `npm fund` for details
[INFO] 
[INFO] found 10 vulnerabilities (8 low, 2 high)
[INFO]   run `npm audit fix` to fix them, or `npm audit` for details
[INFO] ------------------------------------------------------------------------
[INFO] BUILD SUCCESS
[INFO] ------------------------------------------------------------------------
[INFO] Total time:  02:31 min
[INFO] Finished at: 2020-08-07T06:10:16Z
[INFO] ------------------------------------------------------------------------

Showing logs for build [32mrajattyagipvr-jhipster-sample-a-67gqx-17[0m stage [32mbuild-base[0m and container [32mstep-package[0m
[INFO] Scanning for projects...
[INFO] 
[INFO] -------------< com.pvr.myapp:jhipster-sample-application >--------------
[INFO] Building Jhipster Sample Application 1.2.19
[INFO] --------------------------------[ jar ]---------------------------------
[INFO] 
[INFO] --- maven-resources-plugin:3.1.0:copy-resources (default-resources) @ jhipster-sample-application ---
[INFO] Using 'UTF-8' encoding to copy filtered resources.
[INFO] Copying 4 resources
[INFO] Copying 16 resources
[INFO] 
[INFO] --- maven-resources-plugin:3.1.0:resources (default-resources) @ jhipster-sample-application ---
[INFO] Using 'UTF-8' encoding to copy filtered resources.
[INFO] Copying 4 resources
[INFO] Copying 16 resources
[INFO] 
[INFO] --- maven-enforcer-plugin:3.0.0-M3:enforce (enforce-versions) @ jhipster-sample-application ---
[INFO] 
[INFO] --- maven-enforcer-plugin:3.0.0-M3:enforce (enforce-dependencyConvergence) @ jhipster-sample-application ---
[WARNING] 
Dependency convergence error for org.apache.commons:commons-compress:1.20 paths to dependency are:
+-com.pvr.myapp:jhipster-sample-application:1.2.19
  +-org.testcontainers:mysql:1.14.3
    +-org.testcontainers:jdbc:1.14.3
      +-org.testcontainers:database-commons:1.14.3
        +-org.testcontainers:testcontainers:1.14.3
          +-org.apache.commons:commons-compress:1.20
and
+-com.pvr.myapp:jhipster-sample-application:1.2.19
  +-org.springframework.boot:spring-boot-loader-tools:2.2.7.RELEASE
    +-org.apache.commons:commons-compress:1.19

[WARNING] 
Dependency convergence error for org.apiguardian:apiguardian-api:1.1.0 paths to dependency are:
+-com.pvr.myapp:jhipster-sample-application:1.2.19
  +-org.springframework.boot:spring-boot-starter-test:2.2.7.RELEASE
    +-org.junit.jupiter:junit-jupiter:5.5.2
      +-org.junit.jupiter:junit-jupiter-api:5.5.2
        +-org.apiguardian:apiguardian-api:1.1.0
and
+-com.pvr.myapp:jhipster-sample-application:1.2.19
  +-org.springframework.boot:spring-boot-starter-test:2.2.7.RELEASE
    +-org.junit.jupiter:junit-jupiter:5.5.2
      +-org.junit.jupiter:junit-jupiter-api:5.5.2
        +-org.junit.platform:junit-platform-commons:1.5.2
          +-org.apiguardian:apiguardian-api:1.1.0
and
+-com.pvr.myapp:jhipster-sample-application:1.2.19
  +-org.springframework.boot:spring-boot-starter-test:2.2.7.RELEASE
    +-org.junit.jupiter:junit-jupiter:5.5.2
      +-org.junit.jupiter:junit-jupiter-params:5.5.2
        +-org.apiguardian:apiguardian-api:1.1.0
and
+-com.pvr.myapp:jhipster-sample-application:1.2.19
  +-org.springframework.boot:spring-boot-starter-test:2.2.7.RELEASE
    +-org.junit.jupiter:junit-jupiter:5.5.2
      +-org.junit.jupiter:junit-jupiter-engine:5.5.2
        +-org.apiguardian:apiguardian-api:1.1.0
and
+-com.pvr.myapp:jhipster-sample-application:1.2.19
  +-com.tngtech.archunit:archunit-junit5-engine:0.14.1
    +-com.tngtech.archunit:archunit-junit5-engine-api:0.14.1
      +-org.junit.platform:junit-platform-engine:1.5.2
        +-org.apiguardian:apiguardian-api:1.1.0
and
+-com.pvr.myapp:jhipster-sample-application:1.2.19
  +-org.zalando:problem-spring-web:0.25.2
    +-org.zalando:problem-violations:0.25.2
      +-org.apiguardian:apiguardian-api:1.1.0
and
+-com.pvr.myapp:jhipster-sample-application:1.2.19
  +-org.zalando:problem-spring-web:0.25.2
    +-org.zalando:problem-spring-common:0.25.2
      +-org.apiguardian:apiguardian-api:1.1.0
and
+-com.pvr.myapp:jhipster-sample-application:1.2.19
  +-org.zalando:problem-spring-web:0.25.2
    +-org.apiguardian:apiguardian-api:1.1.0
and
+-com.pvr.myapp:jhipster-sample-application:1.2.19
  +-org.zalando:problem-spring-web:0.25.2
    +-org.zalando:problem:0.23.0
      +-org.apiguardian:apiguardian-api:1.0.0
and
+-com.pvr.myapp:jhipster-sample-application:1.2.19
  +-org.zalando:problem-spring-web:0.25.2
    +-org.zalando:jackson-datatype-problem:0.23.0
      +-org.apiguardian:apiguardian-api:1.0.0
and
+-com.pvr.myapp:jhipster-sample-application:1.2.19
  +-org.zalando:problem-spring-web:0.25.2
    +-org.zalando:faux-pas:0.8.0
      +-org.apiguardian:apiguardian-api:1.0.0

[WARNING] Rule 0: org.apache.maven.plugins.enforcer.DependencyConvergence failed with message:
Failed while enforcing releasability. See above detailed error message.
[INFO] 
[INFO] --- jacoco-maven-plugin:0.8.5:prepare-agent (pre-unit-tests) @ jhipster-sample-application ---
[INFO] argLine set to -javaagent:/home/jhipster/.m2/repository/org/jacoco/org.jacoco.agent/0.8.5/org.jacoco.agent-0.8.5-runtime.jar=destfile=/workspace/source/target/jacoco/test/test.exec -Djava.security.egd=file:/dev/./urandom -Xmx256m
[INFO] 
[INFO] --- properties-maven-plugin:1.0.0:read-project-properties (default) @ jhipster-sample-application ---
[INFO] 
[INFO] --- git-commit-id-plugin:4.0.0:revision (default) @ jhipster-sample-application ---
[INFO] 
[INFO] --- spring-boot-maven-plugin:2.2.7.RELEASE:build-info (default) @ jhipster-sample-application ---
[INFO] 
[INFO] --- frontend-maven-plugin:1.10.0:install-node-and-npm (install node and npm) @ jhipster-sample-application ---
[INFO] Node v12.16.1 is already installed.
[INFO] NPM 6.14.5 is already installed.
[INFO] 
[INFO] --- frontend-maven-plugin:1.10.0:npm (npm install) @ jhipster-sample-application ---
[INFO] Running 'npm install' in /workspace/source
[INFO] 
[INFO] > jhipster-sample-application@0.0.1-SNAPSHOT postinstall /workspace/source
[INFO] > node node_modules/protractor/bin/webdriver-manager update --gecko false
[INFO] 
[INFO] [06:14:15] I/update - chromedriver: file exists /workspace/source/node_modules/webdriver-manager/selenium/chromedriver_84.0.4147.30.zip
[INFO] [06:14:15] I/update - chromedriver: unzipping chromedriver_84.0.4147.30.zip
[INFO] [06:14:15] I/update - chromedriver: setting permissions to 0755 for /workspace/source/node_modules/webdriver-manager/selenium/chromedriver_84.0.4147.30
[INFO] [06:14:15] I/update - chromedriver: chromedriver_84.0.4147.30 up to date
[INFO] [06:14:16] I/update - selenium standalone: file exists /workspace/source/node_modules/webdriver-manager/selenium/selenium-server-standalone-3.141.59.jar
[INFO] [06:14:16] I/update - selenium standalone: selenium-server-standalone-3.141.59.jar up to date
[INFO] npm WARN @fortawesome/angular-fontawesome@0.6.1 requires a peer of @angular/core@^9.0.0 but none is installed. You must install peer dependencies yourself.
[INFO] npm WARN @fortawesome/angular-fontawesome@0.6.1 requires a peer of tslib@^1.10.0 but none is installed. You must install peer dependencies yourself.
[INFO] npm WARN @ng-bootstrap/ng-bootstrap@6.1.0 requires a peer of @angular/common@^9.0.0 but none is installed. You must install peer dependencies yourself.
[INFO] npm WARN @ng-bootstrap/ng-bootstrap@6.1.0 requires a peer of @angular/core@^9.0.0 but none is installed. You must install peer dependencies yourself.
[INFO] npm WARN @ng-bootstrap/ng-bootstrap@6.1.0 requires a peer of @angular/forms@^9.0.0 but none is installed. You must install peer dependencies yourself.
[INFO] npm WARN @ng-bootstrap/ng-bootstrap@6.1.0 requires a peer of @angular/localize@^9.0.0 but none is installed. You must install peer dependencies yourself.
[INFO] npm WARN @ng-bootstrap/ng-bootstrap@6.1.0 requires a peer of tslib@^1.10.0 but none is installed. You must install peer dependencies yourself.
[INFO] npm WARN @ngx-translate/core@12.1.2 requires a peer of tslib@^1.10.0 but none is installed. You must install peer dependencies yourself.
[INFO] npm WARN @ng-bootstrap/ng-bootstrap@6.1.0 requires a peer of tslib@^1.10.0 but none is installed. You must install peer dependencies yourself.audited 2673 packages in 15.756s
[INFO] npm WARN @ngx-translate/http-loader@5.0.0 requires a peer of tslib@^1.10.0 but none is installed. You must install peer dependencies yourself.
[INFO] npm WARN bootstrap@4.5.0 requires a peer of jquery@1.9.1 - 3 but none is installed. You must install peer dependencies yourself.
[INFO] npm WARN bootstrap@4.5.0 requires a peer of popper.js@^1.16.0 but none is installed. You must install peer dependencies yourself.
[INFO] npm WARN codelyzer@5.2.2 requires a peer of @angular/compiler@>=2.3.1 <10.0.0 || >9.0.0-beta <10.0.0 || >9.1.0-beta <10.0.0 || >9.2.0-beta <10.0.0 but none is installed. You must install peer dependencies yourself.
[INFO] npm WARN codelyzer@5.2.2 requires a peer of @angular/core@>=2.3.1 <10.0.0 || >9.0.0-beta <10.0.0 || >9.1.0-beta <10.0.0 || >9.2.0-beta <10.0.0 but none is installed. You must install peer dependencies yourself.
[INFO] npm WARN ngx-cookie-service@3.0.4 requires a peer of @angular/common@^9.0.5 but none is installed. You must install peer dependencies yourself.
[INFO] npm WARN ngx-cookie-service@3.0.4 requires a peer of @angular/core@^9.0.5 but none is installed. You must install peer dependencies yourself.
[INFO] npm WARN ngx-cookie-service@3.0.4 requires a peer of tslib@^1.10.0 but none is installed. You must install peer dependencies yourself.
[INFO] npm WARN ngx-webstorage@5.0.0 requires a peer of @angular/common@^9.0.0 but none is installed. You must install peer dependencies yourself.
[INFO] npm WARN ngx-webstorage@5.0.0 requires a peer of @angular/core@^9.0.0 but none is installed. You must install peer dependencies yourself.
[INFO] npm WARN ngx-webstorage@5.0.0 requires a peer of tslib@^1.10.0 but none is installed. You must install peer dependencies yourself.
[INFO] npm WARN optional SKIPPING OPTIONAL DEPENDENCY: fsevents@1.2.13 (node_modules/browser-sync/node_modules/fsevents):
[INFO] npm WARN notsup SKIPPING OPTIONAL DEPENDENCY: Unsupported platform for fsevents@1.2.13: wanted {"os":"darwin","arch":"any"} (current: {"os":"linux","arch":"x64"})
[INFO] npm WARN optional SKIPPING OPTIONAL DEPENDENCY: fsevents@1.2.13 (node_modules/webpack-dev-server/node_modules/fsevents):
[INFO] npm WARN notsup SKIPPING OPTIONAL DEPENDENCY: Unsupported platform for fsevents@1.2.13: wanted {"os":"darwin","arch":"any"} (current: {"os":"linux","arch":"x64"})
[INFO] npm WARN optional SKIPPING OPTIONAL DEPENDENCY: fsevents@1.2.13 (node_modules/watchpack-chokidar2/node_modules/fsevents):
[INFO] npm WARN notsup SKIPPING OPTIONAL DEPENDENCY: Unsupported platform for fsevents@1.2.13: wanted {"os":"darwin","arch":"any"} (current: {"os":"linux","arch":"x64"})
[INFO] npm WARN optional SKIPPING OPTIONAL DEPENDENCY: fsevents@2.1.3 (node_modules/fsevents):
[INFO] npm WARN notsup SKIPPING OPTIONAL DEPENDENCY: Unsupported platform for fsevents@2.1.3: wanted {"os":"darwin","arch":"any"} (current: {"os":"linux","arch":"x64"})
[INFO] 
[INFO] 
[INFO] 93 packages are looking for funding
[INFO]   run `npm fund` for details
[INFO] 
[INFO] found 10 vulnerabilities (8 low, 2 high)
[INFO]   run `npm audit fix` to fix them, or `npm audit` for details
[INFO] 
[INFO] --- frontend-maven-plugin:1.10.0:npm (webpack build prod) @ jhipster-sample-application ---
[INFO] npm not inheriting proxy config from Maven
[INFO] Running 'npm run webpack:prod' in /workspace/source
[INFO] 
[INFO] > jhipster-sample-application@0.0.1-SNAPSHOT webpack:prod /workspace/source
[INFO] > npm run cleanup && npm run webpack:prod:main && npm run clean-www
[INFO] 
[INFO] 
[INFO] > jhipster-sample-application@0.0.1-SNAPSHOT cleanup /workspace/source
[INFO] > rimraf target/classes/static/
[INFO] 
[INFO] 
[INFO] > jhipster-sample-application@0.0.1-SNAPSHOT webpack:prod:main /workspace/source
[INFO] > npm run webpack -- --config webpack/webpack.prod.js --profile
[INFO] 
[INFO] 
[INFO] > jhipster-sample-application@0.0.1-SNAPSHOT webpack /workspace/source
[INFO] > node --max_old_space_size=4096 node_modules/webpack/bin/webpack.js "--config" "webpack/webpack.prod.js" "--profile"
[INFO] 
[INFO] Compiling @angular/core : es2015 as esm2015
[INFO] Compiling @angular/compiler/testing : es2015 as esm2015
[INFO] Compiling @angular/common : es2015 as esm2015
[INFO] Compiling @ngx-translate/core : es2015 as esm2015
[INFO] Compiling @angular/core/testing : es2015 as esm2015
[INFO] Compiling @angular/platform-browser : es2015 as esm2015
[INFO] Compiling @angular/common/http : es2015 as esm2015
[INFO] Compiling @angular/router : es2015 as esm2015
[INFO] Compiling @fortawesome/angular-fontawesome : es2015 as esm2015
[INFO] Compiling @angular/forms : es2015 as esm2015
[INFO] Compiling @angular/platform-browser-dynamic : es2015 as esm2015
[INFO] Compiling @angular/platform-browser/testing : es2015 as esm2015
[INFO] Compiling @angular/common/testing : es2015 as esm2015
[INFO] Compiling @ng-bootstrap/ng-bootstrap : es2015 as esm2015
[INFO] Compiling @ngx-translate/http-loader : es2015 as esm2015
[INFO] Compiling @angular/common/http/testing : es2015 as esm2015
[INFO] Compiling @angular/platform-browser-dynamic/testing : es2015 as esm2015
[INFO] Compiling @angular/router/testing : es2015 as esm2015
[INFO] Compiling @fortawesome/angular-fontawesome/testing : es2015 as esm2015
[INFO] Compiling ngx-cookie-service : es2015 as esm2015
[INFO] Compiling ng-jhipster : es2015 as esm2015
[INFO] Compiling ngx-infinite-scroll : es2015 as esm2015
[INFO] Compiling ngx-webstorage : es2015 as esm2015
[INFO] Webpack Bundle Analyzer saved report to /workspace/source/target/classes/stats.html
[INFO] Hash: 7f68c6c8e3a12ccf4d80
[INFO] Version: webpack 4.43.0
[INFO] Time: 58065ms
[INFO] Built at: 08/07/2020 6:15:51 AM
[INFO]                                                Asset        Size  Chunks                                Chunk Names
[INFO]                                       ./i18n/en.json    11.4 KiB          [emitted]                     
[INFO]                  app/0.7f68c6c8e3a12ccf4d80.chunk.js    9.67 KiB       0  [emitted] [immutable]         
[INFO]                  app/1.7f68c6c8e3a12ccf4d80.chunk.js    32.2 KiB       1  [emitted] [immutable]         
[INFO]                  app/2.7f68c6c8e3a12ccf4d80.chunk.js    58.6 KiB       2  [emitted] [immutable]         
[INFO]                  app/3.7f68c6c8e3a12ccf4d80.chunk.js  1020 bytes       3  [emitted] [immutable]         
[INFO]                  app/4.7f68c6c8e3a12ccf4d80.chunk.js    5.94 KiB       4  [emitted] [immutable]         
[INFO]                  app/5.7f68c6c8e3a12ccf4d80.chunk.js   803 bytes       5  [emitted] [immutable]         
[INFO]                  app/6.7f68c6c8e3a12ccf4d80.chunk.js    7.11 KiB       6  [emitted] [immutable]         
[INFO]                  app/7.7f68c6c8e3a12ccf4d80.chunk.js    4.97 KiB       7  [emitted] [immutable]         
[INFO]                  app/8.7f68c6c8e3a12ccf4d80.chunk.js    5.29 KiB       8  [emitted] [immutable]         
[INFO]            app/global.7f68c6c8e3a12ccf4d80.bundle.js   936 bytes       9  [emitted] [immutable]         global
[INFO]              app/main.7f68c6c8e3a12ccf4d80.bundle.js     963 KiB      10  [emitted] [immutable]  [big]  main
[INFO]  app/main.7f68c6c8e3a12ccf4d80.bundle.js.LICENSE.txt   685 bytes          [emitted]                     
[INFO]         content/75c371c05f1cbb115959f5b1fe4bd134.svg     222 KiB          [emitted]                     
[INFO]         content/cfd81fbabebba3d187b7f0243b971186.png   605 bytes          [emitted]                     
[INFO]                              content/css/loading.css    2.72 KiB          [emitted]                     
[INFO]              content/global.c5875b4a3bbc1ca82290.css    1.51 KiB       9  [emitted] [immutable]         global
[INFO]          content/images/jhipster_family_member_0.svg    11.9 KiB          [emitted]                     
[INFO] content/images/jhipster_family_member_0_head-192.png    13.1 KiB          [emitted]                     
[INFO] content/images/jhipster_family_member_0_head-256.png    6.87 KiB          [emitted]                     
[INFO] content/images/jhipster_family_member_0_head-384.png    10.1 KiB          [emitted]                     
[INFO] content/images/jhipster_family_member_0_head-512.png    11.2 KiB          [emitted]                     
[INFO]          content/images/jhipster_family_member_1.svg     222 KiB          [emitted]                     
[INFO] content/images/jhipster_family_member_1_head-192.png    6.88 KiB          [emitted]                     
[INFO] content/images/jhipster_family_member_1_head-256.png    9.28 KiB          [emitted]                     
[INFO] content/images/jhipster_family_member_1_head-384.png    14.7 KiB          [emitted]                     
[INFO] content/images/jhipster_family_member_1_head-512.png    16.1 KiB          [emitted]                     
[INFO]          content/images/jhipster_family_member_2.svg    22.1 KiB          [emitted]                     
[INFO] content/images/jhipster_family_member_2_head-192.png     5.3 KiB          [emitted]                     
[INFO] content/images/jhipster_family_member_2_head-256.png    6.53 KiB          [emitted]                     
[INFO] content/images/jhipster_family_member_2_head-384.png    9.46 KiB          [emitted]                     
[INFO] content/images/jhipster_family_member_2_head-512.png    10.3 KiB          [emitted]                     
[INFO]          content/images/jhipster_family_member_3.svg    18.7 KiB          [emitted]                     
[INFO] content/images/jhipster_family_member_3_head-192.png       6 KiB          [emitted]                     
[INFO] content/images/jhipster_family_member_3_head-256.png    7.84 KiB          [emitted]                     
[INFO] content/images/jhipster_family_member_3_head-384.png    11.7 KiB          [emitted]                     
[INFO] content/images/jhipster_family_member_3_head-512.png    13.2 KiB          [emitted]                     
[INFO]                     content/images/logo-jhipster.png   605 bytes          [emitted]                     
[INFO]                content/main.8fa0acb269eccc1271c2.css     142 KiB      10  [emitted] [immutable]         main
[INFO]               content/scss/_bootstrap-variables.scss    1.08 KiB          [emitted]                     
[INFO]                             content/scss/global.scss    3.72 KiB          [emitted]                     
[INFO]                             content/scss/vendor.scss   388 bytes          [emitted]                     
[INFO]                                          favicon.ico    1.54 KiB          [emitted]                     
[INFO]                                           index.html    3.99 KiB          [emitted]                     
[INFO]                                      manifest.webapp   785 bytes          [emitted]                     
[INFO]                                           robots.txt   239 bytes          [emitted]                     
[INFO]                                    service-worker.js    5.01 KiB          [emitted]                     
[INFO]                          swagger-ui/absolute-path.js   530 bytes          [emitted]                     
[INFO]                              swagger-ui/axios.min.js    13.4 KiB          [emitted]                     
[INFO]                  swagger-ui/dist/images/throbber.gif    9.04 KiB          [emitted]                     
[INFO]                         swagger-ui/favicon-16x16.png   665 bytes          [emitted]                     
[INFO]                         swagger-ui/favicon-32x32.png   628 bytes          [emitted]                     
[INFO]                                swagger-ui/index.html    2.02 KiB          [emitted]                     
[INFO]                                  swagger-ui/index.js   813 bytes          [emitted]                     
[INFO]                      swagger-ui/oauth2-redirect.html    2.37 KiB          [emitted]                     
[INFO]                      swagger-ui/swagger-ui-bundle.js     952 KiB          [emitted]              [big]  
[INFO]           swagger-ui/swagger-ui-standalone-preset.js     300 KiB          [emitted]              [big]  
[INFO]                            swagger-ui/swagger-ui.css     138 KiB          [emitted]                     
[INFO]                             swagger-ui/swagger-ui.js     354 KiB          [emitted]              [big]  
[INFO]                                  workbox-468c4d03.js     7.7 KiB          [emitted]                     
[INFO] Entrypoint global = content/global.c5875b4a3bbc1ca82290.css app/global.7f68c6c8e3a12ccf4d80.bundle.js
[INFO] Entrypoint main [big] = content/main.8fa0acb269eccc1271c2.css app/main.7f68c6c8e3a12ccf4d80.bundle.js
[INFO]  [3] ./node_modules/ng-jhipster/__ivy_ngcc__/fesm2015/ng-jhipster.js + 1 modules 208 KiB {10} [built]
[INFO]      |    2 modules
[INFO]  [4] ./node_modules/@angular/router/__ivy_ngcc__/fesm2015/router.js + 9 modules 223 KiB {10} [built]
[INFO]      |    10 modules
[INFO]  [6] ./node_modules/@ng-bootstrap/ng-bootstrap/__ivy_ngcc__/fesm2015/ng-bootstrap.js + 7 modules 529 KiB {10} [built]
[INFO]      |    8 modules
[INFO]  [7] ./node_modules/@ngx-translate/core/__ivy_ngcc__/fesm2015/ngx-translate-core.js + 1 modules 57.1 KiB {10} [built]
[INFO]      |    2 modules
[INFO] [15] ./src/main/webapp/app/core/auth/account.service.ts 3.96 KiB {10} [built]
[INFO]      [] 24567ms -> [] 1364ms -> [] 1988ms -> factory:1539ms building:19ms dependencies:1742ms = 31219ms
[INFO] [16] ./src/main/webapp/app/app.constants.ts 517 bytes {10} [built]
[INFO]      [] 24567ms -> [] 1364ms -> factory:1239ms building:4ms = 27174ms
[INFO] [19] ./src/main/webapp/app/core/login/login-modal.service.ts 1.09 KiB {10} [built]
[INFO]      [] 24567ms -> [] 1364ms -> [] 1988ms -> factory:1891ms building:70ms dependencies:1808ms = 31688ms
[INFO] [28] ./src/main/webapp/app/core/login/login.service.ts + 1 modules 3.48 KiB {10} [built]
[INFO]      | ./src/main/webapp/app/core/login/login.service.ts 1.32 KiB [built]
[INFO]      |     [] 24567ms -> [] 1364ms -> [] 1988ms -> factory:1891ms building:70ms dependencies:1808ms = 31688ms
[INFO]      | ./src/main/webapp/app/core/auth/auth-jwt.service.ts 2.11 KiB [built]
[INFO]      |     [] 24567ms -> [] 1364ms -> [] 1988ms -> [] 1961ms -> factory:1719ms building:2ms dependencies:171ms = 31772ms
[INFO] [37] ./src/main/webapp/app/shared/shared.module.ts + 3 modules 29 KiB {10} [built]
[INFO]      | ./src/main/webapp/app/shared/shared.module.ts 2.22 KiB [built]
[INFO]      |     [] 24567ms -> [] 1364ms -> factory:1350ms building:638ms dependencies:1933ms = 29852ms
[INFO]      | ./src/main/webapp/app/shared/shared-libs.module.ts 1.91 KiB [built]
[INFO]      |     [] 24567ms -> [] 1364ms -> [] 1988ms -> factory:1048ms building:14ms dependencies:2366ms = 31347ms
[INFO]      |     + 2 hidden modules
[INFO] [43] ./src/main/webapp/app/shared/login/login.component.ts 10.4 KiB {10} [built]
[INFO]      [] 24567ms -> [] 1364ms -> [] 1988ms -> factory:1048ms building:14ms dependencies:2366ms = 31347ms
[INFO] [44] ./src/main/webapp/app/shared/language/find-language-from-key.pipe.ts 715 bytes {10} [built]
[INFO]      [] 24567ms -> [] 1364ms -> [] 1988ms -> factory:1891ms building:70ms dependencies:1808ms = 31688ms
[INFO] [47] ./src/main/webapp/app/shared/auth/has-any-authority.directive.ts 2.35 KiB {10} [built]
[INFO]      [] 24567ms -> [] 1364ms -> [] 1988ms -> factory:1891ms building:70ms dependencies:1808ms = 31688ms
[INFO] [80] ./src/main/webapp/content/scss/global.scss 39 bytes {9} [built]
[INFO]      factory:773ms building:17699ms = 18472ms
[INFO] [83] ./src/main/webapp/manifest.webapp 59 bytes {10} [built]
[INFO]      [] 24567ms -> [] 1364ms -> factory:1488ms building:2ms dependencies:665ms = 28086ms
[INFO] [90] ./src/main/webapp/app/app.main.ts + 26 modules 88.1 KiB {10} [built]
[INFO]      | ./src/main/webapp/app/app.main.ts 539 bytes [built]
[INFO]      |     factory:1258ms building:23309ms = 24567ms
[INFO]      | ./src/main/webapp/app/polyfills.ts 92 bytes [built]
[INFO]      |     [] 24567ms -> factory:1328ms building:36ms dependencies:1350ms = 27281ms
[INFO]      | ./src/main/webapp/app/blocks/config/prod.config.ts 265 bytes [built]
[INFO]      |     [] 24567ms -> factory:1328ms building:36ms dependencies:1350ms = 27281ms
[INFO]      | ./src/main/webapp/app/app.module.ts 3.18 KiB [built]
[INFO]      |     [] 24567ms -> factory:1328ms building:36ms dependencies:1350ms = 27281ms
[INFO]      | ./src/main/webapp/app/vendor.ts 97 bytes [built]
[INFO]      |     [] 24567ms -> [] 1364ms -> factory:1350ms building:638ms dependencies:1933ms = 29852ms
[INFO]      | ./src/main/webapp/app/core/core.module.ts 6.46 KiB [built]
[INFO]      |     [] 24567ms -> [] 1364ms -> factory:1350ms building:638ms dependencies:1933ms = 29852ms
[INFO]      | ./src/main/webapp/app/layouts/error/error.component.ts 3.57 KiB [built]
[INFO]      |     [] 24567ms -> [] 1364ms -> factory:1350ms building:638ms dependencies:1933ms = 29852ms
[INFO]      | ./src/main/webapp/app/layouts/navbar/active-menu.directive.ts 1.62 KiB [built]
[INFO]      |     [] 24567ms -> [] 1364ms -> factory:1350ms building:638ms dependencies:1933ms = 29852ms
[INFO]      | ./src/main/webapp/app/layouts/navbar/navbar.component.ts 31.1 KiB [built]
[INFO]      |     [] 24567ms -> [] 1364ms -> factory:1350ms building:638ms dependencies:1933ms = 29852ms
[INFO]      | ./src/main/webapp/app/app-routing.module.ts 2.8 KiB [built]
[INFO]      |     [] 24567ms -> [] 1364ms -> factory:1350ms building:638ms dependencies:1933ms = 29852ms
[INFO]      | ./src/main/webapp/app/home/home.module.ts 1.32 KiB [built]
[INFO]      |     [] 24567ms -> [] 1364ms -> factory:1350ms building:638ms dependencies:1933ms = 29852ms
[INFO]      | ./src/main/webapp/app/entities/entity.module.ts 1.25 KiB [built]
[INFO]      |     [] 24567ms -> [] 1364ms -> factory:1350ms building:638ms dependencies:1933ms = 29852ms
[INFO]      | ./src/main/webapp/app/layouts/profiles/page-ribbon.component.ts 2.74 KiB [built]
[INFO]      |     [] 24567ms -> [] 1364ms -> factory:1350ms building:638ms dependencies:1933ms = 29852ms
[INFO]      | ./src/main/webapp/app/layouts/footer/footer.component.ts 1.07 KiB [built]
[INFO]      |     [] 24567ms -> [] 1364ms -> factory:1350ms building:638ms dependencies:1933ms = 29852ms
[INFO]      | ./src/main/webapp/app/layouts/main/main.component.ts 3.93 KiB [built]
[INFO]      |     [] 24567ms -> [] 1364ms -> factory:1350ms building:638ms dependencies:1933ms = 29852ms
[INFO]      |     + 12 hidden modules
[INFO]     + 199 hidden modules
[INFO] 
[INFO] WARNING in asset size limit: The following asset(s) exceed the recommended size limit (244 KiB).
[INFO] This can impact web performance.
[INFO] Assets: 
[INFO]   swagger-ui/swagger-ui-bundle.js (952 KiB)
[INFO]   swagger-ui/swagger-ui-standalone-preset.js (300 KiB)
[INFO]   swagger-ui/swagger-ui.js (354 KiB)
[INFO]   app/main.7f68c6c8e3a12ccf4d80.bundle.js (963 KiB)
[INFO] 
[INFO] WARNING in entrypoint size limit: The following entrypoint(s) combined asset size exceeds the recommended limit (244 KiB). This can impact web performance.
[INFO] Entrypoints:
[INFO]   main (1.08 MiB)
[INFO]       content/main.8fa0acb269eccc1271c2.css
[INFO]       app/main.7f68c6c8e3a12ccf4d80.bundle.js
[INFO] 
[INFO] 
[INFO] > jhipster-sample-application@0.0.1-SNAPSHOT clean-www /workspace/source
[INFO] > rimraf target/classes/static/app/{src,target/}
[INFO] 
[INFO] 
[INFO] --- maven-compiler-plugin:3.8.1:compile (default-compile) @ jhipster-sample-application ---
[INFO] Changes detected - recompiling the module!
[INFO] Compiling 70 source files to /workspace/source/target/classes
[INFO] 
[INFO] --- maven-resources-plugin:3.1.0:testResources (default-testResources) @ jhipster-sample-application ---
[INFO] Using 'UTF-8' encoding to copy filtered resources.
[INFO] Copying 5 resources
[INFO] 
[INFO] --- maven-compiler-plugin:3.8.1:testCompile (default-testCompile) @ jhipster-sample-application ---
[INFO] Changes detected - recompiling the module!
[INFO] Compiling 26 source files to /workspace/source/target/test-classes
[INFO] 
[INFO] --- maven-surefire-plugin:3.0.0-M4:test (default-test) @ jhipster-sample-application ---
[INFO] Tests are skipped.
[INFO] 
[INFO] --- jacoco-maven-plugin:0.8.5:report (post-unit-test) @ jhipster-sample-application ---
[INFO] Skipping JaCoCo execution due to missing execution data file.
[INFO] 
[INFO] --- frontend-maven-plugin:1.10.0:npm (webpack build test) @ jhipster-sample-application ---
[INFO] Skipping execution.
[INFO] 
[INFO] --- maven-jar-plugin:2.4:jar (default-jar) @ jhipster-sample-application ---
[INFO] Building jar: /workspace/source/target/jhipster-sample-application-1.2.19.jar
[INFO] 
[INFO] --- spring-boot-maven-plugin:2.2.7.RELEASE:repackage (default) @ jhipster-sample-application ---
[INFO] Replacing main artifact with repackaged archive
[INFO] 
[INFO] --- jacoco-maven-plugin:0.8.5:prepare-agent-integration (pre-integration-tests) @ jhipster-sample-application ---
[INFO] argLine set to -javaagent:/home/jhipster/.m2/repository/org/jacoco/org.jacoco.agent/0.8.5/org.jacoco.agent-0.8.5-runtime.jar=destfile=/workspace/source/target/jacoco/integrationTest/integrationTest.exec -Djava.security.egd=file:/dev/./urandom -Xmx256m
[INFO] 
[INFO] --- maven-failsafe-plugin:3.0.0-M4:integration-test (integration-test) @ jhipster-sample-application ---
[INFO] Tests are skipped.
[INFO] 
[INFO] --- jacoco-maven-plugin:0.8.5:report-integration (post-integration-tests) @ jhipster-sample-application ---
[INFO] Skipping JaCoCo execution due to missing execution data file.
[INFO] 
[INFO] --- maven-checkstyle-plugin:3.1.1:check (default) @ jhipster-sample-application ---
[INFO] You have 0 Checkstyle violations.
[INFO] 
[INFO] --- maven-failsafe-plugin:3.0.0-M4:verify (verify) @ jhipster-sample-application ---
[INFO] Tests are skipped.
[INFO] ------------------------------------------------------------------------
[INFO] BUILD SUCCESS
[INFO] ------------------------------------------------------------------------
[INFO] Total time:  06:24 min
[INFO] Finished at: 2020-08-07T06:16:46Z
[INFO] ------------------------------------------------------------------------

Showing logs for build [32mrajattyagipvr-jhipster-sample-a-67gqx-17[0m stage [32mbuild-base[0m and container [32mstep-build-and-push-base[0m
[36mINFO[0m[0000] Downloading base image openjdk:11-jre-slim   
2020/08/07 06:16:47 No matching credentials were found, falling back on anonymous
[36mINFO[0m[0002] Error while retrieving image from cache: getting file info: stat /workspace/sha256:25ae9b4d57101dd9ea9d932941536b1f00b341c3425fc5f8289898d191254447: no such file or directory 
[36mINFO[0m[0002] Downloading base image openjdk:11-jre-slim   
2020/08/07 06:16:49 No matching credentials were found, falling back on anonymous
[36mINFO[0m[0004] cmd: EXPOSE                                  
[36mINFO[0m[0004] Adding exposed port: 8080/tcp                
[36mINFO[0m[0005] Using files from context: [/workspace/source/pom.xml] 
[36mINFO[0m[0005] Using files from context: [/workspace/source/target/jhipster-sample-application-1.2.19.jar] 
[36mINFO[0m[0005] Skipping unpacking as no commands require it. 
[36mINFO[0m[0005] Taking snapshot of full filesystem...        
[36mINFO[0m[0005] ENV PORT 8080                                
[36mINFO[0m[0005] No files changed in this command, skipping snapshotting. 
[36mINFO[0m[0005] ENV CLASSPATH /opt/lib                       
[36mINFO[0m[0005] No files changed in this command, skipping snapshotting. 
[36mINFO[0m[0005] EXPOSE 8080                                  
[36mINFO[0m[0005] cmd: EXPOSE                                  
[36mINFO[0m[0005] Adding exposed port: 8080/tcp                
[36mINFO[0m[0005] No files changed in this command, skipping snapshotting. 
[36mINFO[0m[0008] Using files from context: [/workspace/source/pom.xml] 
[36mINFO[0m[0008] COPY pom.xml target/lib* /opt/lib/           
[36mINFO[0m[0010] Taking snapshot of files...                  
[36mINFO[0m[0012] Using files from context: [/workspace/source/target/jhipster-sample-application-1.2.19.jar] 
[36mINFO[0m[0012] COPY target/*.jar /opt/app.jar               
[36mINFO[0m[0014] Taking snapshot of files...                  
[36mINFO[0m[0015] WORKDIR /opt                                 
[36mINFO[0m[0015] cmd: workdir                                 
[36mINFO[0m[0015] Changed working directory to /opt            
[36mINFO[0m[0015] No files changed in this command, skipping snapshotting. 
[36mINFO[0m[0015] CMD ["java", "-jar", "app.jar"]              
[36mINFO[0m[0015] No files changed in this command, skipping snapshotting. 
2020/08/07 06:17:02 existing blob: sha256:b612fb485c1a57b0df6b67b606aa1fac45d68e211aa9ec140cd0933b3c311912
2020/08/07 06:17:02 existing blob: sha256:0b793152b8507f5916a2d066e5568a08fef2d01629902b83177733d94e107e88
2020/08/07 06:17:02 existing blob: sha256:092c9b8e633fd73a2b448815d56f09aebf34c733300cd7747008b81fe7724a02
2020/08/07 06:17:02 existing blob: sha256:bf59529304463f62efa7179fa1a32718a611528cc4ce9f30c0d1bbc6724ec3fb
2020/08/07 06:17:03 pushed blob: sha256:5c20afe93bfbc8a4c9c7f50b4f98bc612cfd9293a65b63e46cab0c7182e006f4
2020/08/07 06:17:03 pushed blob: sha256:4052c7dae05cda0b2a07e6896eec1cc3c9a86f6027098b7e318e8dd28ad356f5
2020/08/07 06:17:07 pushed blob: sha256:bd3da44ce098b6e237b87f8b95737d0d8817c414ce27e9b27b27328dc91021b4
2020/08/07 06:17:07 702769831180.dkr.ecr.ap-south-1.amazonaws.com/702769831180/jhipster-sample-application:1.2.19: digest: sha256:fa96e76a94700cc27a6d8c5eeebcf052b020d8c48bbc4b4d26539736130e0b02 size: 1244

Showing logs for build [32mrajattyagipvr-jhipster-sample-a-67gqx-17[0m stage [32mbuild-base[0m and container [32mstep-source-mkdir-rajattyagipvr-jhipster-sample-a-67gqx-zfrzf[0m
{"level":"warn","ts":1596781028.1399403,"logger":"fallback-logger","caller":"logging/config.go:69","msg":"Fetch GitHub commit ID from kodata failed: open /var/run/ko/HEAD: no such file or directory"}
{"level":"info","ts":1596781028.1506867,"logger":"fallback-logger","caller":"bash/main.go:64","msg":"Successfully executed command \"sh -c mkdir -p /pvc/build-base/workspace\"; output "}

Showing logs for build [32mrajattyagipvr-jhipster-sample-a-67gqx-17[0m stage [32mbuild-base[0m and container [32mstep-source-copy-rajattyagipvr-jhipster-sample-a-67gqx-tjr2g[0m
{"level":"warn","ts":1596781028.3509095,"logger":"fallback-logger","caller":"logging/config.go:69","msg":"Fetch GitHub commit ID from kodata failed: open /var/run/ko/HEAD: no such file or directory"}
{"level":"info","ts":1596781056.1954014,"logger":"fallback-logger","caller":"bash/main.go:64","msg":"Successfully executed command \"sh -c cp -r source/. /pvc/build-base/workspace\"; output "}

Showing logs for build [32mrajattyagipvr-jhipster-sample-a-67gqx-17[0m stage [32mpromote[0m and container [32mstep-credential-initializer-xl2sx[0m
{"level":"warn","ts":1596781091.3541236,"logger":"fallback-logger","caller":"logging/config.go:69","msg":"Fetch GitHub commit ID from kodata failed: \"ref: refs/heads/0.8.0-**-support-backwards-incompats\" is not a valid GitHub commit ID"}
{"level":"info","ts":1596781091.3543968,"logger":"fallback-logger","caller":"creds-init/main.go:40","msg":"Credentials initialized."}

Showing logs for build [32mrajattyagipvr-jhipster-sample-a-67gqx-17[0m stage [32mpromote[0m and container [32mstep-working-dir-initializer-w6jqb[0m
{"level":"warn","ts":1596781092.3099017,"logger":"fallback-logger","caller":"logging/config.go:69","msg":"Fetch GitHub commit ID from kodata failed: open /var/run/ko/HEAD: no such file or directory"}
{"level":"info","ts":1596781092.3108528,"logger":"fallback-logger","caller":"bash/main.go:64","msg":"Successfully executed command \"sh -c mkdir -p /workspace/source\"; output "}

Showing logs for build [32mrajattyagipvr-jhipster-sample-a-67gqx-17[0m stage [32mpromote[0m and container [32mstep-place-tools[0m

Showing logs for build [32mrajattyagipvr-jhipster-sample-a-67gqx-17[0m stage [32mpromote[0m and container [32mstep-create-dir-workspace-szx7r[0m
{"level":"warn","ts":1596781096.343748,"logger":"fallback-logger","caller":"logging/config.go:69","msg":"Fetch GitHub commit ID from kodata failed: open /var/run/ko/HEAD: no such file or directory"}
{"level":"info","ts":1596781096.3446507,"logger":"fallback-logger","caller":"bash/main.go:64","msg":"Successfully executed command \"sh -c mkdir -p /workspace/source\"; output "}

Showing logs for build [32mrajattyagipvr-jhipster-sample-a-67gqx-17[0m stage [32mpromote[0m and container [32mstep-source-copy-workspace-ktgv7[0m
{"level":"warn","ts":1596781096.5664065,"logger":"fallback-logger","caller":"logging/config.go:69","msg":"Fetch GitHub commit ID from kodata failed: open /var/run/ko/HEAD: no such file or directory"}
{"level":"info","ts":1596781124.9855568,"logger":"fallback-logger","caller":"bash/main.go:64","msg":"Successfully executed command \"sh -c cp -r /pvc/build-base/workspace/. /workspace/source\"; output "}

Showing logs for build [32mrajattyagipvr-jhipster-sample-a-67gqx-17[0m stage [32mpromote[0m and container [32mstep-changelog[0m
Converted /workspace/source/charts/jhipster-sample-application to an unshallow repository
Generating change log from git ref e6b25e4701aa647c967ac30898e71d54156bc2d8 => 624f6edaa9e6f0d11787f79fbc239b03724d159a
WARNING: Failed to enrich commit 5330f7f8c61ddc3aa25d61833cd29d3f0942d490 with issues: users.jenkins.io "x-0" already exists
WARNING: Failed to enrich commit 5330f7f8c61ddc3aa25d61833cd29d3f0942d490 with issues: users.jenkins.io "x-0" already exists
Finding issues in commit messages using git format
WARNING: No release found for *************/jhipster-sample-application and tag v1.2.19 so creating a new release
Updated the release information at https://github.com/*************/jhipster-sample-application/releases/tag/v1.2.19
generated: /workspace/source/charts/jhipster-sample-application/templates/release.yaml
Created Release jhipster-sample-application-1-2-19 resource in namespace **
Updating PipelineActivity *************-jhipster-sample-application-master-17 with version 1.2.19
Updated PipelineActivities *************-jhipster-sample-application-master-17 with release notes URL: https://github.com/*************/jhipster-sample-application/releases/tag/v1.2.19

Showing logs for build [32mrajattyagipvr-jhipster-sample-a-67gqx-17[0m stage [32mpromote[0m and container [32mstep-helm-release[0m
Adding missing Helm repo: storage.googleapis.com https://storage.googleapis.com/chartmuseum.jenkins-x.io
Successfully added Helm repository storage.googleapis.com.
Adding missing Helm repo: bucketrepo http://bucketrepo/bucketrepo/charts/
Successfully added Helm repository bucketrepo.
Uploading chart file jhipster-sample-application-1.2.19.tgz to http://bucketrepo/bucketrepo/charts/api/charts
Received 200 response: 

Showing logs for build [32mrajattyagipvr-jhipster-sample-a-67gqx-17[0m stage [32mpromote[0m and container [32mstep-jx-promote[0m
Cloning the Jenkins X versions repo https://github.com/*************/jenkins-x-versions.git with ref refs/heads/master to /builder/home/.**/jenkins-x-versions
WARNING: prow based install so skip waiting for the merge of Pull Requests to go green as currently there is an issue with gettingstatuses from the PR, see https://github.com/jenkins-x/**/issues/2410
WARNING: No $CHART_REPOSITORY defined so using the default value of: http://jenkins-x-chartmuseum:8080
Promoting app jhipster-sample-application version 1.2.19 to namespace **-staging
WARNING: could not find upstream git URL failed to unmarshal  due to no GitConfDir defined
pushed merged branch promote-jhipster-sample-application-1.2.19
Created Pull Request: https://github.com/*************/environment-cluster12-staging/pull/63
Added label updatebot to Pull Request https://github.com/*************/environment-cluster12-staging/pull/63
got git provider status pending from PR https://github.com/*************/environment-cluster12-staging/pull/63
got git provider status pending from PR https://github.com/*************/environment-cluster12-staging/pull/63
got git provider status pending from PR https://github.com/*************/environment-cluster12-staging/pull/63
got git provider status pending from PR https://github.com/*************/environment-cluster12-staging/pull/63
Pull Request https://github.com/*************/environment-cluster12-staging/pull/63 is merged at sha 7ee668c8e2ee80eedd57d5b435a43bd798c736f6
Pull Request merged but we are not waiting for the update pipeline to complete!
WARNING: Could not find the service URL in namespace **-staging for names jhipster-sample-application, **-jhipster-sample-application, **-staging-jhipster-sample-application
